# JRE version: Java(TM) SE Runtime Environment (17.0.6+9) (build 17.0.6+9-LTS-190)
# Java VM: Java HotSpot(TM) 64-Bit Server VM (17.0.6+9-LTS-190, mixed mode, emulated-client, sharing, tiered, compressed oops, compressed class ptrs, g1 gc, windows-amd64)
GC Precious Log:
 CPUs: 4 total, 4 available
 Memory: 2048M
 Large Page Support: Disabled
 NUMA Support: Disabled
 Compressed Oops: Enabled (32-bit)
 Heap Region Size: 1M
 Heap Min Capacity: 8M
 Heap Initial Capacity: 32M
 Heap Max Capacity: 512M
 Pre-touch: Disabled
 Parallel Workers: 4
 Concurrent Workers: 1
 Concurrent Refinement Workers: 4
 Periodic GC: Disabled
Heap:
 garbage-first heap   total 80896K, used 24935K [0x00000000e0000000, 0x0000000100000000)
  region size 1024K, 2 young (2048K), 1 survivors (1024K)
 Metaspace       used 61250K, committed 62080K, reserved 1105920K
  class space    used 8818K, committed 9152K, reserved 1048576K
GC Heap History (20 events):
Event: 56552.846 GC heap before
{Heap before GC invocations=33 (full 0):
 garbage-first heap   total 50176K, used 28019K [0x00000000e0000000, 0x0000000100000000)
  region size 1024K, 2 young (2048K), 1 survivors (1024K)
 Metaspace       used 61250K, committed 62080K, reserved 1105920K
  class space    used 8818K, committed 9152K, reserved 1048576K
}
Event: 56552.983 GC heap after
{Heap after GC invocations=34 (full 0):
 garbage-first heap   total 50176K, used 26450K [0x00000000e0000000, 0x0000000100000000)
  region size 1024K, 1 young (1024K), 1 survivors (1024K)
 Metaspace       used 61250K, committed 62080K, reserved 1105920K
  class space    used 8818K, committed 9152K, reserved 1048576K
}
Event: 70019.339 GC heap before
{Heap before GC invocations=34 (full 0):
 garbage-first heap   total 50176K, used 27474K [0x00000000e0000000, 0x0000000100000000)
  region size 1024K, 2 young (2048K), 1 survivors (1024K)
 Metaspace       used 61250K, committed 62080K, reserved 1105920K
  class space    used 8818K, committed 9152K, reserved 1048576K
}
Event: 70019.561 GC heap after
{Heap after GC invocations=35 (full 0):
 garbage-first heap   total 50176K, used 26162K [0x00000000e0000000, 0x0000000100000000)
  region size 1024K, 1 young (1024K), 1 survivors (1024K)
 Metaspace       used 61250K, committed 62080K, reserved 1105920K
  class space    used 8818K, committed 9152K, reserved 1048576K
}
Event: 151515.336 GC heap before
{Heap before GC invocations=35 (full 0):
 garbage-first heap   total 50176K, used 27186K [0x00000000e0000000, 0x0000000100000000)
  region size 1024K, 2 young (2048K), 1 survivors (1024K)
 Metaspace       used 61250K, committed 62080K, reserved 1105920K
  class space    used 8818K, committed 9152K, reserved 1048576K
}
Event: 151515.394 GC heap after
{Heap after GC invocations=36 (full 0):
 garbage-first heap   total 50176K, used 25858K [0x00000000e0000000, 0x0000000100000000)
  region size 1024K, 1 young (1024K), 1 survivors (1024K)
 Metaspace       used 61250K, committed 62080K, reserved 1105920K
  class space    used 8818K, committed 9152K, reserved 1048576K
}
Event: 151517.986 GC heap before
{Heap before GC invocations=36 (full 0):
 garbage-first heap   total 50176K, used 26882K [0x00000000e0000000, 0x0000000100000000)
  region size 1024K, 2 young (2048K), 1 survivors (1024K)
 Metaspace       used 61250K, committed 62080K, reserved 1105920K
  class space    used 8818K, committed 9152K, reserved 1048576K
}
Event: 151518.156 GC heap after
{Heap after GC invocations=37 (full 0):
 garbage-first heap   total 50176K, used 25611K [0x00000000e0000000, 0x0000000100000000)
  region size 1024K, 1 young (1024K), 1 survivors (1024K)
 Metaspace       used 61250K, committed 62080K, reserved 1105920K
  class space    used 8818K, committed 9152K, reserved 1048576K
}
Event: 151520.277 GC heap before
{Heap before GC invocations=37 (full 0):
 garbage-first heap   total 50176K, used 26635K [0x00000000e0000000, 0x0000000100000000)
  region size 1024K, 2 young (2048K), 1 survivors (1024K)
 Metaspace       used 61250K, committed 62080K, reserved 1105920K
  class space    used 8818K, committed 9152K, reserved 1048576K
}
Event: 151520.469 GC heap after
{Heap after GC invocations=38 (full 0):
 garbage-first heap   total 50176K, used 25310K [0x00000000e0000000, 0x0000000100000000)
  region size 1024K, 1 young (1024K), 1 survivors (1024K)
 Metaspace       used 61250K, committed 62080K, reserved 1105920K
  class space    used 8818K, committed 9152K, reserved 1048576K
}
Event: 151522.182 GC heap before
{Heap before GC invocations=38 (full 0):
 garbage-first heap   total 50176K, used 26334K [0x00000000e0000000, 0x0000000100000000)
  region size 1024K, 2 young (2048K), 1 survivors (1024K)
 Metaspace       used 61250K, committed 62080K, reserved 1105920K
  class space    used 8818K, committed 9152K, reserved 1048576K
}
Event: 151522.333 GC heap after
{Heap after GC invocations=39 (full 0):
 garbage-first heap   total 50176K, used 25107K [0x00000000e0000000, 0x0000000100000000)
  region size 1024K, 1 young (1024K), 1 survivors (1024K)
 Metaspace       used 61250K, committed 62080K, reserved 1105920K
  class space    used 8818K, committed 9152K, reserved 1048576K
}
Event: 151529.863 GC heap before
{Heap before GC invocations=39 (full 0):
 garbage-first heap   total 50176K, used 26131K [0x00000000e0000000, 0x0000000100000000)
  region size 1024K, 2 young (2048K), 1 survivors (1024K)
 Metaspace       used 61250K, committed 62080K, reserved 1105920K
  class space    used 8818K, committed 9152K, reserved 1048576K
}
Event: 151530.084 GC heap after
{Heap after GC invocations=40 (full 0):
 garbage-first heap   total 50176K, used 24862K [0x00000000e0000000, 0x0000000100000000)
  region size 1024K, 1 young (1024K), 1 survivors (1024K)
 Metaspace       used 61250K, committed 62080K, reserved 1105920K
  class space    used 8818K, committed 9152K, reserved 1048576K
}
Event: 169066.698 GC heap before
{Heap before GC invocations=40 (full 0):
 garbage-first heap   total 50176K, used 40222K [0x00000000e0000000, 0x0000000100000000)
  region size 1024K, 16 young (16384K), 1 survivors (1024K)
 Metaspace       used 61250K, committed 62080K, reserved 1105920K
  class space    used 8818K, committed 9152K, reserved 1048576K
}
Event: 169066.905 GC heap after
{Heap after GC invocations=41 (full 0):
 garbage-first heap   total 80896K, used 25415K [0x00000000e0000000, 0x0000000100000000)
  region size 1024K, 1 young (1024K), 1 survivors (1024K)
 Metaspace       used 61250K, committed 62080K, reserved 1105920K
  class space    used 8818K, committed 9152K, reserved 1048576K
}
Event: 183512.588 GC heap before
{Heap before GC invocations=42 (full 0):
 garbage-first heap   total 80896K, used 38727K [0x00000000e0000000, 0x0000000100000000)
  region size 1024K, 14 young (14336K), 1 survivors (1024K)
 Metaspace       used 61250K, committed 62080K, reserved 1105920K
  class space    used 8818K, committed 9152K, reserved 1048576K
}
Event: 183512.740 GC heap after
{Heap after GC invocations=43 (full 0):
 garbage-first heap   total 80896K, used 25416K [0x00000000e0000000, 0x0000000100000000)
  region size 1024K, 1 young (1024K), 1 survivors (1024K)
 Metaspace       used 61250K, committed 62080K, reserved 1105920K
  class space    used 8818K, committed 9152K, reserved 1048576K
}
Event: 188815.752 GC heap before
{Heap before GC invocations=43 (full 0):
 garbage-first heap   total 80896K, used 27464K [0x00000000e0000000, 0x0000000100000000)
  region size 1024K, 3 young (3072K), 1 survivors (1024K)
 Metaspace       used 61250K, committed 62080K, reserved 1105920K
  class space    used 8818K, committed 9152K, reserved 1048576K
}
Event: 188815.892 GC heap after
{Heap after GC invocations=44 (full 0):
 garbage-first heap   total 80896K, used 24935K [0x00000000e0000000, 0x0000000100000000)
  region size 1024K, 1 young (1024K), 1 survivors (1024K)
 Metaspace       used 61250K, committed 62080K, reserved 1105920K
  class space    used 8818K, committed 9152K, reserved 1048576K
}

